d:\haxetoolkit\haxe\heapslib\hashlink\beap-sdl3\libhl\x64\release\vc143.pdb
c:\$recycle.bin\s-1-5-21-491527673-1473740904-2106632329-1001\$iyg4iep
c:\$recycle.bin\s-1-5-21-491527673-1473740904-2106632329-1001\$iummiqv
c:\$recycle.bin\s-1-5-21-491527673-1473740904-2106632329-1001\$ifo56cx
c:\$recycle.bin\s-1-5-21-491527673-1473740904-2106632329-1001\$ii481sa
c:\$recycle.bin\s-1-5-21-491527673-1473740904-2106632329-1001\$iym6vv1
c:\$recycle.bin\s-1-5-21-491527673-1473740904-2106632329-1001\$ietothf
c:\$recycle.bin\s-1-5-21-491527673-1473740904-2106632329-1001\$iekkje6
c:\$recycle.bin\s-1-5-21-491527673-1473740904-2106632329-1001\$i4fniye
c:\$recycle.bin\s-1-5-21-491527673-1473740904-2106632329-1001\$imj4cy0
c:\$recycle.bin\s-1-5-21-491527673-1473740904-2106632329-1001\$i88qxem
c:\$recycle.bin\s-1-5-21-491527673-1473740904-2106632329-1001\$iqm64l4
c:\$recycle.bin\s-1-5-21-491527673-1473740904-2106632329-1001\$iruhm9l
c:\$recycle.bin\s-1-5-21-491527673-1473740904-2106632329-1001\$imz3eo5
c:\$recycle.bin\s-1-5-21-491527673-1473740904-2106632329-1001\$ic33rlq
c:\$recycle.bin\s-1-5-21-491527673-1473740904-2106632329-1001\$iyapqzp
c:\$recycle.bin\s-1-5-21-491527673-1473740904-2106632329-1001\$iehuqh0
c:\$recycle.bin\s-1-5-21-491527673-1473740904-2106632329-1001\$iaff44a
c:\$recycle.bin\s-1-5-21-491527673-1473740904-2106632329-1001\$iq3eggu
c:\$recycle.bin\s-1-5-21-491527673-1473740904-2106632329-1001\$i76dj2m
c:\$recycle.bin\s-1-5-21-491527673-1473740904-2106632329-1001\$i3tqspj
d:\haxetoolkit\haxe\heapslib\hashlink\beap-sdl3\libhl\x64\release\pcre2_string_utils.obj
c:\$recycle.bin\s-1-5-21-491527673-1473740904-2106632329-1001\$ivcl5pt
c:\$recycle.bin\s-1-5-21-491527673-1473740904-2106632329-1001\$ilzdz7p
c:\$recycle.bin\s-1-5-21-491527673-1473740904-2106632329-1001\$ibrj7tm
c:\$recycle.bin\s-1-5-21-491527673-1473740904-2106632329-1001\$igsc8in
c:\$recycle.bin\s-1-5-21-491527673-1473740904-2106632329-1001\$i53cmao
d:\haxetoolkit\haxe\heapslib\hashlink\beap-sdl3\libhl\x64\release\pcre2_serialize.obj
c:\$recycle.bin\s-1-5-21-491527673-1473740904-2106632329-1001\$iceh207
c:\$recycle.bin\s-1-5-21-491527673-1473740904-2106632329-1001\$igsupbj
c:\$recycle.bin\s-1-5-21-491527673-1473740904-2106632329-1001\$ivporzr
c:\$recycle.bin\s-1-5-21-491527673-1473740904-2106632329-1001\$id2isi2
c:\$recycle.bin\s-1-5-21-491527673-1473740904-2106632329-1001\$ik02q31
d:\haxetoolkit\haxe\heapslib\hashlink\beap-sdl3\libhl\x64\release\pcre2_script_run.obj
c:\$recycle.bin\s-1-5-21-491527673-1473740904-2106632329-1001\$ignmyaj
c:\$recycle.bin\s-1-5-21-491527673-1473740904-2106632329-1001\$i8o0ch9
c:\$recycle.bin\s-1-5-21-491527673-1473740904-2106632329-1001\$i38zvrm
c:\$recycle.bin\s-1-5-21-491527673-1473740904-2106632329-1001\$i8iyr62
c:\$recycle.bin\s-1-5-21-491527673-1473740904-2106632329-1001\$ihiuos0
d:\haxetoolkit\haxe\heapslib\hashlink\beap-sdl3\libhl\x64\release\pcre2_pattern_info.obj
c:\$recycle.bin\s-1-5-21-491527673-1473740904-2106632329-1001\$iwu0p5v
c:\$recycle.bin\s-1-5-21-491527673-1473740904-2106632329-1001\$ig34ggn
c:\$recycle.bin\s-1-5-21-491527673-1473740904-2106632329-1001\$ijrby47
c:\$recycle.bin\s-1-5-21-491527673-1473740904-2106632329-1001\$ixta0hi
c:\$recycle.bin\s-1-5-21-491527673-1473740904-2106632329-1001\$i8ueons
d:\haxetoolkit\haxe\heapslib\hashlink\beap-sdl3\libhl\x64\release\pcre2_ord2utf.obj
c:\$recycle.bin\s-1-5-21-491527673-1473740904-2106632329-1001\$i9jgd5i
c:\$recycle.bin\s-1-5-21-491527673-1473740904-2106632329-1001\$iesnfq8
c:\$recycle.bin\s-1-5-21-491527673-1473740904-2106632329-1001\$inlqume
c:\$recycle.bin\s-1-5-21-491527673-1473740904-2106632329-1001\$ihfiekm
c:\$recycle.bin\s-1-5-21-491527673-1473740904-2106632329-1001\$if9ac29
d:\haxetoolkit\haxe\heapslib\hashlink\beap-sdl3\libhl\x64\release\pcre2_newline.obj
c:\$recycle.bin\s-1-5-21-491527673-1473740904-2106632329-1001\$itlc1vy
c:\$recycle.bin\s-1-5-21-491527673-1473740904-2106632329-1001\$iji0gvl
c:\$recycle.bin\s-1-5-21-491527673-1473740904-2106632329-1001\$igp80lm
c:\$recycle.bin\s-1-5-21-491527673-1473740904-2106632329-1001\$ijny3sl
c:\$recycle.bin\s-1-5-21-491527673-1473740904-2106632329-1001\$id13rv1
d:\haxetoolkit\haxe\heapslib\hashlink\beap-sdl3\libhl\x64\release\pcre2_match_data.obj
c:\$recycle.bin\s-1-5-21-491527673-1473740904-2106632329-1001\$im2pvf7
c:\$recycle.bin\s-1-5-21-491527673-1473740904-2106632329-1001\$iit7e84
c:\$recycle.bin\s-1-5-21-491527673-1473740904-2106632329-1001\$iohqglm
c:\$recycle.bin\s-1-5-21-491527673-1473740904-2106632329-1001\$i4k013o
c:\$recycle.bin\s-1-5-21-491527673-1473740904-2106632329-1001\$i6q55wx
d:\haxetoolkit\haxe\heapslib\hashlink\beap-sdl3\libhl\x64\release\pcre2_match.obj
c:\$recycle.bin\s-1-5-21-491527673-1473740904-2106632329-1001\$ifvrzpb
c:\$recycle.bin\s-1-5-21-491527673-1473740904-2106632329-1001\$icyuo5g
c:\$recycle.bin\s-1-5-21-491527673-1473740904-2106632329-1001\$iez11t3
c:\$recycle.bin\s-1-5-21-491527673-1473740904-2106632329-1001\$i6du5fx
c:\$recycle.bin\s-1-5-21-491527673-1473740904-2106632329-1001\$ist8twd
d:\haxetoolkit\haxe\heapslib\hashlink\beap-sdl3\libhl\x64\release\pcre2_maketables.obj
c:\$recycle.bin\s-1-5-21-491527673-1473740904-2106632329-1001\$i86jhsm
c:\$recycle.bin\s-1-5-21-491527673-1473740904-2106632329-1001\$i58nsca
c:\$recycle.bin\s-1-5-21-491527673-1473740904-2106632329-1001\$i7o0184
c:\$recycle.bin\s-1-5-21-491527673-1473740904-2106632329-1001\$itkge50
c:\$recycle.bin\s-1-5-21-491527673-1473740904-2106632329-1001\$iwvntti
d:\haxetoolkit\haxe\heapslib\hashlink\beap-sdl3\libhl\x64\release\pcre2_jit_compile.obj
c:\$recycle.bin\s-1-5-21-491527673-1473740904-2106632329-1001\$i1s6s3d
c:\$recycle.bin\s-1-5-21-491527673-1473740904-2106632329-1001\$ivdt8qh
c:\$recycle.bin\s-1-5-21-491527673-1473740904-2106632329-1001\$iqkqi9x
c:\$recycle.bin\s-1-5-21-491527673-1473740904-2106632329-1001\$i0of436
c:\$recycle.bin\s-1-5-21-491527673-1473740904-2106632329-1001\$ipf4bnv
d:\haxetoolkit\haxe\heapslib\hashlink\beap-sdl3\libhl\x64\release\pcre2_find_bracket.obj
c:\$recycle.bin\s-1-5-21-491527673-1473740904-2106632329-1001\$iyatr1a
c:\$recycle.bin\s-1-5-21-491527673-1473740904-2106632329-1001\$itdbu2q
c:\$recycle.bin\s-1-5-21-491527673-1473740904-2106632329-1001\$irux78q
c:\$recycle.bin\s-1-5-21-491527673-1473740904-2106632329-1001\$iscxr26
c:\$recycle.bin\s-1-5-21-491527673-1473740904-2106632329-1001\$il56gup
d:\haxetoolkit\haxe\heapslib\hashlink\beap-sdl3\libhl\x64\release\pcre2_extuni.obj
c:\$recycle.bin\s-1-5-21-491527673-1473740904-2106632329-1001\$iyrtp84
c:\$recycle.bin\s-1-5-21-491527673-1473740904-2106632329-1001\$ihp4chw
c:\$recycle.bin\s-1-5-21-491527673-1473740904-2106632329-1001\$i9pjssh
c:\$recycle.bin\s-1-5-21-491527673-1473740904-2106632329-1001\$i7m4rx4
c:\$recycle.bin\s-1-5-21-491527673-1473740904-2106632329-1001\$i7ky5mh
d:\haxetoolkit\haxe\heapslib\hashlink\beap-sdl3\libhl\x64\release\pcre2_error.obj
c:\$recycle.bin\s-1-5-21-491527673-1473740904-2106632329-1001\$ii0efjs
c:\$recycle.bin\s-1-5-21-491527673-1473740904-2106632329-1001\$ir5q8yk
c:\$recycle.bin\s-1-5-21-491527673-1473740904-2106632329-1001\$ismhy0c
c:\$recycle.bin\s-1-5-21-491527673-1473740904-2106632329-1001\$imbn5x8
c:\$recycle.bin\s-1-5-21-491527673-1473740904-2106632329-1001\$iun5cag
d:\haxetoolkit\haxe\heapslib\hashlink\beap-sdl3\libhl\x64\release\pcre2_dfa_match.obj
c:\$recycle.bin\s-1-5-21-491527673-1473740904-2106632329-1001\$ij90ked
c:\$recycle.bin\s-1-5-21-491527673-1473740904-2106632329-1001\$i6ogifq
c:\$recycle.bin\s-1-5-21-491527673-1473740904-2106632329-1001\$i5m6qqd
c:\$recycle.bin\s-1-5-21-491527673-1473740904-2106632329-1001\$i6e42ps
c:\$recycle.bin\s-1-5-21-491527673-1473740904-2106632329-1001\$iz00kg8
d:\haxetoolkit\haxe\heapslib\hashlink\beap-sdl3\libhl\x64\release\pcre2_convert.obj
c:\$recycle.bin\s-1-5-21-491527673-1473740904-2106632329-1001\$iil37bp
c:\$recycle.bin\s-1-5-21-491527673-1473740904-2106632329-1001\$ilzdewn
c:\$recycle.bin\s-1-5-21-491527673-1473740904-2106632329-1001\$i90zlks
c:\$recycle.bin\s-1-5-21-491527673-1473740904-2106632329-1001\$irsbu7d
c:\$recycle.bin\s-1-5-21-491527673-1473740904-2106632329-1001\$iu8o3h6
d:\haxetoolkit\haxe\heapslib\hashlink\beap-sdl3\libhl\x64\release\pcre2_context.obj
c:\$recycle.bin\s-1-5-21-491527673-1473740904-2106632329-1001\$ik7nb1n
c:\$recycle.bin\s-1-5-21-491527673-1473740904-2106632329-1001\$io7waqu
c:\$recycle.bin\s-1-5-21-491527673-1473740904-2106632329-1001\$iqxq43c
c:\$recycle.bin\s-1-5-21-491527673-1473740904-2106632329-1001\$io6fdy3
c:\$recycle.bin\s-1-5-21-491527673-1473740904-2106632329-1001\$inparze
d:\haxetoolkit\haxe\heapslib\hashlink\beap-sdl3\libhl\x64\release\pcre2_config.obj
c:\$recycle.bin\s-1-5-21-491527673-1473740904-2106632329-1001\$ibbrv6g
c:\$recycle.bin\s-1-5-21-491527673-1473740904-2106632329-1001\$ii8ue6j
c:\$recycle.bin\s-1-5-21-491527673-1473740904-2106632329-1001\$iwt9y4g
c:\$recycle.bin\s-1-5-21-491527673-1473740904-2106632329-1001\$ihw4bdh
c:\$recycle.bin\s-1-5-21-491527673-1473740904-2106632329-1001\$iee6lh4
d:\haxetoolkit\haxe\heapslib\hashlink\beap-sdl3\libhl\x64\release\pcre2_compile.obj
c:\$recycle.bin\s-1-5-21-491527673-1473740904-2106632329-1001\$ibeplwm
c:\$recycle.bin\s-1-5-21-491527673-1473740904-2106632329-1001\$idjmlhm
c:\$recycle.bin\s-1-5-21-491527673-1473740904-2106632329-1001\$il0ehla
c:\$recycle.bin\s-1-5-21-491527673-1473740904-2106632329-1001\$iu7rjom
c:\$recycle.bin\s-1-5-21-491527673-1473740904-2106632329-1001\$ioc350z
d:\haxetoolkit\haxe\heapslib\hashlink\beap-sdl3\libhl\x64\release\pcre2_chartables.obj
c:\$recycle.bin\s-1-5-21-491527673-1473740904-2106632329-1001\$iecg34f
c:\$recycle.bin\s-1-5-21-491527673-1473740904-2106632329-1001\$ib0k494
c:\$recycle.bin\s-1-5-21-491527673-1473740904-2106632329-1001\$ixd6lvx
c:\$recycle.bin\s-1-5-21-491527673-1473740904-2106632329-1001\$i19fzgu
c:\$recycle.bin\s-1-5-21-491527673-1473740904-2106632329-1001\$il9bp0k
d:\haxetoolkit\haxe\heapslib\hashlink\beap-sdl3\libhl\x64\release\pcre2_auto_possess.obj
c:\$recycle.bin\s-1-5-21-491527673-1473740904-2106632329-1001\$i86zoot
c:\$recycle.bin\s-1-5-21-491527673-1473740904-2106632329-1001\$i8f4pqa
c:\$recycle.bin\s-1-5-21-491527673-1473740904-2106632329-1001\$i311xus
c:\$recycle.bin\s-1-5-21-491527673-1473740904-2106632329-1001\$iy3h8q4
c:\$recycle.bin\s-1-5-21-491527673-1473740904-2106632329-1001\$ip4sepe
c:\$recycle.bin\s-1-5-21-491527673-1473740904-2106632329-1001\$i1h7avv
c:\$recycle.bin\s-1-5-21-491527673-1473740904-2106632329-1001\$i9xp55g
c:\$recycle.bin\s-1-5-21-491527673-1473740904-2106632329-1001\$i555i50
c:\$recycle.bin\s-1-5-21-491527673-1473740904-2106632329-1001\$iz87ivg
c:\$recycle.bin\s-1-5-21-491527673-1473740904-2106632329-1001\$ir3c6ba
c:\$recycle.bin\s-1-5-21-491527673-1473740904-2106632329-1001\$ipqjjti
c:\$recycle.bin\s-1-5-21-491527673-1473740904-2106632329-1001\$isz0fw7
c:\$recycle.bin\s-1-5-21-491527673-1473740904-2106632329-1001\$i8vq1q5
c:\$recycle.bin\s-1-5-21-491527673-1473740904-2106632329-1001\$i6cxpo6
c:\$recycle.bin\s-1-5-21-491527673-1473740904-2106632329-1001\$i2p22zx
c:\$recycle.bin\s-1-5-21-491527673-1473740904-2106632329-1001\$it56v38
c:\$recycle.bin\s-1-5-21-491527673-1473740904-2106632329-1001\$ipzaz73
c:\$recycle.bin\s-1-5-21-491527673-1473740904-2106632329-1001\$iorko73
c:\$recycle.bin\s-1-5-21-491527673-1473740904-2106632329-1001\$i1vfdh6
c:\$recycle.bin\s-1-5-21-491527673-1473740904-2106632329-1001\$iym19c4
c:\$recycle.bin\s-1-5-21-491527673-1473740904-2106632329-1001\$inril5n
c:\$recycle.bin\s-1-5-21-491527673-1473740904-2106632329-1001\$iiyzxvg
c:\$recycle.bin\s-1-5-21-491527673-1473740904-2106632329-1001\$idmqyiq
c:\$recycle.bin\s-1-5-21-491527673-1473740904-2106632329-1001\$iukzjy7
c:\$recycle.bin\s-1-5-21-491527673-1473740904-2106632329-1001\$i8gyrj1
c:\$recycle.bin\s-1-5-21-491527673-1473740904-2106632329-1001\$ipoym03
c:\$recycle.bin\s-1-5-21-491527673-1473740904-2106632329-1001\$i4gmk8o
c:\$recycle.bin\s-1-5-21-491527673-1473740904-2106632329-1001\$ioefhzh
c:\$recycle.bin\s-1-5-21-491527673-1473740904-2106632329-1001\$iij4p12
c:\$recycle.bin\s-1-5-21-491527673-1473740904-2106632329-1001\$i9rppqz
d:\haxetoolkit\haxe\heapslib\hashlink\beap-sdl3\libhl\x64\release\obj.obj
c:\$recycle.bin\s-1-5-21-491527673-1473740904-2106632329-1001\$ip4p5di
c:\$recycle.bin\s-1-5-21-491527673-1473740904-2106632329-1001\$inylss4
c:\$recycle.bin\s-1-5-21-491527673-1473740904-2106632329-1001\$ilqahy1
c:\$recycle.bin\s-1-5-21-491527673-1473740904-2106632329-1001\$i0lsf84
c:\$recycle.bin\s-1-5-21-491527673-1473740904-2106632329-1001\$iibj34r
d:\haxetoolkit\haxe\heapslib\hashlink\beap-sdl3\libhl\x64\release\math.obj
c:\$recycle.bin\s-1-5-21-491527673-1473740904-2106632329-1001\$io3q7kz
c:\$recycle.bin\s-1-5-21-491527673-1473740904-2106632329-1001\$ikap409
c:\$recycle.bin\s-1-5-21-491527673-1473740904-2106632329-1001\$if6qsr7
c:\$recycle.bin\s-1-5-21-491527673-1473740904-2106632329-1001\$igbpin8
c:\$recycle.bin\s-1-5-21-491527673-1473740904-2106632329-1001\$imol0cf
d:\haxetoolkit\haxe\heapslib\hashlink\beap-sdl3\libhl\x64\release\maps.obj
c:\$recycle.bin\s-1-5-21-491527673-1473740904-2106632329-1001\$iddvssp
c:\$recycle.bin\s-1-5-21-491527673-1473740904-2106632329-1001\$i2l52nk
c:\$recycle.bin\s-1-5-21-491527673-1473740904-2106632329-1001\$itb5221
c:\$recycle.bin\s-1-5-21-491527673-1473740904-2106632329-1001\$i3c4lrv
c:\$recycle.bin\s-1-5-21-491527673-1473740904-2106632329-1001\$iprkmil
d:\haxetoolkit\haxe\heapslib\hashlink\beap-sdl3\libhl\x64\release\fun.obj
c:\$recycle.bin\s-1-5-21-491527673-1473740904-2106632329-1001\$irgcmou
c:\$recycle.bin\s-1-5-21-491527673-1473740904-2106632329-1001\$idcnah4
c:\$recycle.bin\s-1-5-21-491527673-1473740904-2106632329-1001\$icc2wdl
c:\$recycle.bin\s-1-5-21-491527673-1473740904-2106632329-1001\$i8v9faz
c:\$recycle.bin\s-1-5-21-491527673-1473740904-2106632329-1001\$i55r7pl
d:\haxetoolkit\haxe\heapslib\hashlink\beap-sdl3\libhl\x64\release\file.obj
c:\$recycle.bin\s-1-5-21-491527673-1473740904-2106632329-1001\$i6llslq
c:\$recycle.bin\s-1-5-21-491527673-1473740904-2106632329-1001\$i9vuwk5
c:\$recycle.bin\s-1-5-21-491527673-1473740904-2106632329-1001\$ib2kiub
c:\$recycle.bin\s-1-5-21-491527673-1473740904-2106632329-1001\$iv6nl1e
c:\$recycle.bin\s-1-5-21-491527673-1473740904-2106632329-1001\$i2cd0kr
d:\haxetoolkit\haxe\heapslib\hashlink\beap-sdl3\libhl\x64\release\error.obj
c:\$recycle.bin\s-1-5-21-491527673-1473740904-2106632329-1001\$iawoyw5
c:\$recycle.bin\s-1-5-21-491527673-1473740904-2106632329-1001\$i5th4t9
c:\$recycle.bin\s-1-5-21-491527673-1473740904-2106632329-1001\$iuwpe5t
c:\$recycle.bin\s-1-5-21-491527673-1473740904-2106632329-1001\$iipe4w6
c:\$recycle.bin\s-1-5-21-491527673-1473740904-2106632329-1001\$iowb0pa
d:\haxetoolkit\haxe\heapslib\hashlink\beap-sdl3\libhl\x64\release\debug.obj
c:\$recycle.bin\s-1-5-21-491527673-1473740904-2106632329-1001\$i6ajvm4
c:\$recycle.bin\s-1-5-21-491527673-1473740904-2106632329-1001\$in9f08g
c:\$recycle.bin\s-1-5-21-491527673-1473740904-2106632329-1001\$inunq0d
c:\$recycle.bin\s-1-5-21-491527673-1473740904-2106632329-1001\$ifaug28
c:\$recycle.bin\s-1-5-21-491527673-1473740904-2106632329-1001\$iwwoyrb
d:\haxetoolkit\haxe\heapslib\hashlink\beap-sdl3\libhl\x64\release\date.obj
c:\$recycle.bin\s-1-5-21-491527673-1473740904-2106632329-1001\$ifeuxxt
c:\$recycle.bin\s-1-5-21-491527673-1473740904-2106632329-1001\$i3sjnth
c:\$recycle.bin\s-1-5-21-491527673-1473740904-2106632329-1001\$izj9q01
c:\$recycle.bin\s-1-5-21-491527673-1473740904-2106632329-1001\$ibgyfn2
c:\$recycle.bin\s-1-5-21-491527673-1473740904-2106632329-1001\$iwcy2ny
d:\haxetoolkit\haxe\heapslib\hashlink\beap-sdl3\libhl\x64\release\cast.obj
c:\$recycle.bin\s-1-5-21-491527673-1473740904-2106632329-1001\$iflm5hz
c:\$recycle.bin\s-1-5-21-491527673-1473740904-2106632329-1001\$izwby1q
c:\$recycle.bin\s-1-5-21-491527673-1473740904-2106632329-1001\$ijeyuct
c:\$recycle.bin\s-1-5-21-491527673-1473740904-2106632329-1001\$i1f0eab
c:\$recycle.bin\s-1-5-21-491527673-1473740904-2106632329-1001\$ih2hh77
d:\haxetoolkit\haxe\heapslib\hashlink\beap-sdl3\libhl\x64\release\bytes.obj
c:\$recycle.bin\s-1-5-21-491527673-1473740904-2106632329-1001\$imxy5zc
c:\$recycle.bin\s-1-5-21-491527673-1473740904-2106632329-1001\$ij57kvx
c:\$recycle.bin\s-1-5-21-491527673-1473740904-2106632329-1001\$io6om5u
c:\$recycle.bin\s-1-5-21-491527673-1473740904-2106632329-1001\$im6dbmn
c:\$recycle.bin\s-1-5-21-491527673-1473740904-2106632329-1001\$ilmgcv5
d:\haxetoolkit\haxe\heapslib\hashlink\beap-sdl3\libhl\x64\release\buffer.obj
c:\$recycle.bin\s-1-5-21-491527673-1473740904-2106632329-1001\$ivlyzne
c:\$recycle.bin\s-1-5-21-491527673-1473740904-2106632329-1001\$i3m121a
c:\$recycle.bin\s-1-5-21-491527673-1473740904-2106632329-1001\$ioazoiv
c:\$recycle.bin\s-1-5-21-491527673-1473740904-2106632329-1001\$i701ap4
c:\$recycle.bin\s-1-5-21-491527673-1473740904-2106632329-1001\$i4okuqo
d:\haxetoolkit\haxe\heapslib\hashlink\beap-sdl3\libhl\x64\release\array.obj
c:\$recycle.bin\s-1-5-21-491527673-1473740904-2106632329-1001\$i8wdy4v
c:\$recycle.bin\s-1-5-21-491527673-1473740904-2106632329-1001\$i9ppyir
c:\$recycle.bin\s-1-5-21-491527673-1473740904-2106632329-1001\$iyj5tzn
c:\$recycle.bin\s-1-5-21-491527673-1473740904-2106632329-1001\$ikkz5zf
c:\$recycle.bin\s-1-5-21-491527673-1473740904-2106632329-1001\$ir14upc
d:\haxetoolkit\haxe\heapslib\hashlink\beap-sdl3\libhl\x64\release\pcre2_xclass.obj
c:\$recycle.bin\s-1-5-21-491527673-1473740904-2106632329-1001\$ixz735n
c:\$recycle.bin\s-1-5-21-491527673-1473740904-2106632329-1001\$idwa4qn
c:\$recycle.bin\s-1-5-21-491527673-1473740904-2106632329-1001\$ipx6tx8
c:\$recycle.bin\s-1-5-21-491527673-1473740904-2106632329-1001\$i0h53vx
c:\$recycle.bin\s-1-5-21-491527673-1473740904-2106632329-1001\$iysfmov
d:\haxetoolkit\haxe\heapslib\hashlink\beap-sdl3\libhl\x64\release\pcre2_valid_utf.obj
c:\$recycle.bin\s-1-5-21-491527673-1473740904-2106632329-1001\$ir1guyd
c:\$recycle.bin\s-1-5-21-491527673-1473740904-2106632329-1001\$i36hkjg
c:\$recycle.bin\s-1-5-21-491527673-1473740904-2106632329-1001\$icrr4ex
c:\$recycle.bin\s-1-5-21-491527673-1473740904-2106632329-1001\$iu8orzb
c:\$recycle.bin\s-1-5-21-491527673-1473740904-2106632329-1001\$ir03c24
d:\haxetoolkit\haxe\heapslib\hashlink\beap-sdl3\libhl\x64\release\pcre2_ucd.obj
c:\$recycle.bin\s-1-5-21-491527673-1473740904-2106632329-1001\$ilhbxyu
c:\$recycle.bin\s-1-5-21-491527673-1473740904-2106632329-1001\$ipcxjfd
c:\$recycle.bin\s-1-5-21-491527673-1473740904-2106632329-1001\$il4qp06
c:\$recycle.bin\s-1-5-21-491527673-1473740904-2106632329-1001\$ia99nqq
c:\$recycle.bin\s-1-5-21-491527673-1473740904-2106632329-1001\$iy8g8i0
d:\haxetoolkit\haxe\heapslib\hashlink\beap-sdl3\libhl\x64\release\pcre2_tables.obj
c:\$recycle.bin\s-1-5-21-491527673-1473740904-2106632329-1001\$i4jcx9s
c:\$recycle.bin\s-1-5-21-491527673-1473740904-2106632329-1001\$ia60djb
c:\$recycle.bin\s-1-5-21-491527673-1473740904-2106632329-1001\$ighxsfe
c:\$recycle.bin\s-1-5-21-491527673-1473740904-2106632329-1001\$ia74z4x
c:\$recycle.bin\s-1-5-21-491527673-1473740904-2106632329-1001\$iklqhqg
d:\haxetoolkit\haxe\heapslib\hashlink\beap-sdl3\libhl\x64\release\pcre2_substring.obj
c:\$recycle.bin\s-1-5-21-491527673-1473740904-2106632329-1001\$idqekl5
c:\$recycle.bin\s-1-5-21-491527673-1473740904-2106632329-1001\$imtcrdt
c:\$recycle.bin\s-1-5-21-491527673-1473740904-2106632329-1001\$iwahcic
c:\$recycle.bin\s-1-5-21-491527673-1473740904-2106632329-1001\$ihzxrx4
c:\$recycle.bin\s-1-5-21-491527673-1473740904-2106632329-1001\$io5wk14
d:\haxetoolkit\haxe\heapslib\hashlink\beap-sdl3\libhl\x64\release\pcre2_substitute.obj
c:\$recycle.bin\s-1-5-21-491527673-1473740904-2106632329-1001\$i7w073v
c:\$recycle.bin\s-1-5-21-491527673-1473740904-2106632329-1001\$i0vqwel
c:\$recycle.bin\s-1-5-21-491527673-1473740904-2106632329-1001\$io0yfru
c:\$recycle.bin\s-1-5-21-491527673-1473740904-2106632329-1001\$idy7id3
c:\$recycle.bin\s-1-5-21-491527673-1473740904-2106632329-1001\$i2dyyh5
d:\haxetoolkit\haxe\heapslib\hashlink\beap-sdl3\libhl\x64\release\pcre2_study.obj
c:\$recycle.bin\s-1-5-21-491527673-1473740904-2106632329-1001\$iav1uf3
c:\$recycle.bin\s-1-5-21-491527673-1473740904-2106632329-1001\$ip5bv22
c:\$recycle.bin\s-1-5-21-491527673-1473740904-2106632329-1001\$ipp38ex
c:\$recycle.bin\s-1-5-21-491527673-1473740904-2106632329-1001\$ig523zn
c:\$recycle.bin\s-1-5-21-491527673-1473740904-2106632329-1001\$i2ec9ku
c:\$recycle.bin\s-1-5-21-491527673-1473740904-2106632329-1001\$igyw0bx
c:\$recycle.bin\s-1-5-21-491527673-1473740904-2106632329-1001\$i97cfyt
c:\$recycle.bin\s-1-5-21-491527673-1473740904-2106632329-1001\$iloyl5j
c:\$recycle.bin\s-1-5-21-491527673-1473740904-2106632329-1001\$iven68j
c:\$recycle.bin\s-1-5-21-491527673-1473740904-2106632329-1001\$i2veemr
c:\$recycle.bin\s-1-5-21-491527673-1473740904-2106632329-1001\$imyxfbc
c:\$recycle.bin\s-1-5-21-491527673-1473740904-2106632329-1001\$io6ao1v
c:\$recycle.bin\s-1-5-21-491527673-1473740904-2106632329-1001\$iaoub0y
c:\$recycle.bin\s-1-5-21-491527673-1473740904-2106632329-1001\$iqypkq9
c:\$recycle.bin\s-1-5-21-491527673-1473740904-2106632329-1001\$iiyvebm
d:\haxetoolkit\haxe\heapslib\hashlink\beap-sdl3\libhl\x64\release\ucs2.obj
c:\$recycle.bin\s-1-5-21-491527673-1473740904-2106632329-1001\$imwzdal
c:\$recycle.bin\s-1-5-21-491527673-1473740904-2106632329-1001\$ijgwa21
c:\$recycle.bin\s-1-5-21-491527673-1473740904-2106632329-1001\$in5ghdl
c:\$recycle.bin\s-1-5-21-491527673-1473740904-2106632329-1001\$ibxypwl
c:\$recycle.bin\s-1-5-21-491527673-1473740904-2106632329-1001\$iq5szqk
d:\haxetoolkit\haxe\heapslib\hashlink\beap-sdl3\libhl\x64\release\types.obj
c:\$recycle.bin\s-1-5-21-491527673-1473740904-2106632329-1001\$ik3sehn
c:\$recycle.bin\s-1-5-21-491527673-1473740904-2106632329-1001\$ieizrm0
c:\$recycle.bin\s-1-5-21-491527673-1473740904-2106632329-1001\$iy4jx27
c:\$recycle.bin\s-1-5-21-491527673-1473740904-2106632329-1001\$i2atg83
c:\$recycle.bin\s-1-5-21-491527673-1473740904-2106632329-1001\$i1ld26x
d:\haxetoolkit\haxe\heapslib\hashlink\beap-sdl3\libhl\x64\release\track.obj
c:\$recycle.bin\s-1-5-21-491527673-1473740904-2106632329-1001\$i6hoxwz
c:\$recycle.bin\s-1-5-21-491527673-1473740904-2106632329-1001\$ifvzncx
c:\$recycle.bin\s-1-5-21-491527673-1473740904-2106632329-1001\$ip3s0b5
c:\$recycle.bin\s-1-5-21-491527673-1473740904-2106632329-1001\$i5r1mja
c:\$recycle.bin\s-1-5-21-491527673-1473740904-2106632329-1001\$iy9v7ki
d:\haxetoolkit\haxe\heapslib\hashlink\beap-sdl3\libhl\x64\release\thread.obj
c:\$recycle.bin\s-1-5-21-491527673-1473740904-2106632329-1001\$ink6yy3
c:\$recycle.bin\s-1-5-21-491527673-1473740904-2106632329-1001\$iltnanp
c:\$recycle.bin\s-1-5-21-491527673-1473740904-2106632329-1001\$ibgapcr
c:\$recycle.bin\s-1-5-21-491527673-1473740904-2106632329-1001\$i1e9wct
c:\$recycle.bin\s-1-5-21-491527673-1473740904-2106632329-1001\$imdygbi
d:\haxetoolkit\haxe\heapslib\hashlink\beap-sdl3\libhl\x64\release\sys.obj
c:\$recycle.bin\s-1-5-21-491527673-1473740904-2106632329-1001\$ijut88q
c:\$recycle.bin\s-1-5-21-491527673-1473740904-2106632329-1001\$iwzfau5
c:\$recycle.bin\s-1-5-21-491527673-1473740904-2106632329-1001\$ipgsqmw
c:\$recycle.bin\s-1-5-21-491527673-1473740904-2106632329-1001\$i5gmwxd
c:\$recycle.bin\s-1-5-21-491527673-1473740904-2106632329-1001\$i0a8au7
d:\haxetoolkit\haxe\heapslib\hashlink\beap-sdl3\libhl\x64\release\string.obj
c:\$recycle.bin\s-1-5-21-491527673-1473740904-2106632329-1001\$iv1khvf
c:\$recycle.bin\s-1-5-21-491527673-1473740904-2106632329-1001\$ihxp4sf
c:\$recycle.bin\s-1-5-21-491527673-1473740904-2106632329-1001\$ia9v7sd
c:\$recycle.bin\s-1-5-21-491527673-1473740904-2106632329-1001\$iqbu1i8
c:\$recycle.bin\s-1-5-21-491527673-1473740904-2106632329-1001\$i8ogfhz
d:\haxetoolkit\haxe\heapslib\hashlink\beap-sdl3\libhl\x64\release\socket.obj
c:\$recycle.bin\s-1-5-21-491527673-1473740904-2106632329-1001\$i3dlbu3
c:\$recycle.bin\s-1-5-21-491527673-1473740904-2106632329-1001\$iq7u4iu
c:\$recycle.bin\s-1-5-21-491527673-1473740904-2106632329-1001\$iwm8y7m
c:\$recycle.bin\s-1-5-21-491527673-1473740904-2106632329-1001\$i9hum82
c:\$recycle.bin\s-1-5-21-491527673-1473740904-2106632329-1001\$idiyi66
d:\haxetoolkit\haxe\heapslib\hashlink\beap-sdl3\libhl\x64\release\regexp.obj
c:\$recycle.bin\s-1-5-21-491527673-1473740904-2106632329-1001\$i0t3maj
c:\$recycle.bin\s-1-5-21-491527673-1473740904-2106632329-1001\$ijau80s
c:\$recycle.bin\s-1-5-21-491527673-1473740904-2106632329-1001\$iqntg8m
c:\$recycle.bin\s-1-5-21-491527673-1473740904-2106632329-1001\$i3sfrns
c:\$recycle.bin\s-1-5-21-491527673-1473740904-2106632329-1001\$i71agha
d:\haxetoolkit\haxe\heapslib\hashlink\beap-sdl3\libhl\x64\release\random.obj
c:\$recycle.bin\s-1-5-21-491527673-1473740904-2106632329-1001\$irloeia
c:\$recycle.bin\s-1-5-21-491527673-1473740904-2106632329-1001\$i00f2be
c:\$recycle.bin\s-1-5-21-491527673-1473740904-2106632329-1001\$i4o7wqr
c:\$recycle.bin\s-1-5-21-491527673-1473740904-2106632329-1001\$ix47ulj
c:\$recycle.bin\s-1-5-21-491527673-1473740904-2106632329-1001\$i7p75er
d:\haxetoolkit\haxe\heapslib\hashlink\beap-sdl3\libhl\x64\release\process.obj
c:\$recycle.bin\s-1-5-21-491527673-1473740904-2106632329-1001\$iaq3ch7
c:\$recycle.bin\s-1-5-21-491527673-1473740904-2106632329-1001\$idtawjh
c:\$recycle.bin\s-1-5-21-491527673-1473740904-2106632329-1001\$ipj4rl3
c:\$recycle.bin\s-1-5-21-491527673-1473740904-2106632329-1001\$iejs2jz
c:\$recycle.bin\s-1-5-21-491527673-1473740904-2106632329-1001\$ikhlea8
c:\$recycle.bin\s-1-5-21-491527673-1473740904-2106632329-1001\$ijzmwsy
c:\$recycle.bin\s-1-5-21-491527673-1473740904-2106632329-1001\$itich2x
c:\$recycle.bin\s-1-5-21-491527673-1473740904-2106632329-1001\$it0h3kl
c:\$recycle.bin\s-1-5-21-491527673-1473740904-2106632329-1001\$izmcyhs
c:\$recycle.bin\s-1-5-21-491527673-1473740904-2106632329-1001\$i06arq2
c:\$recycle.bin\s-1-5-21-491527673-1473740904-2106632329-1001\$i3z9m8k
c:\$recycle.bin\s-1-5-21-491527673-1473740904-2106632329-1001\$iuniwou
c:\$recycle.bin\s-1-5-21-491527673-1473740904-2106632329-1001\$i65q3i2
d:\haxetoolkit\haxe\heapslib\hashlink\beap-sdl3\libhl\x64\release\gc.obj
c:\$recycle.bin\s-1-5-21-491527673-1473740904-2106632329-1001\$i4y8qbb
c:\$recycle.bin\s-1-5-21-491527673-1473740904-2106632329-1001\$irtwka1
c:\$recycle.bin\s-1-5-21-491527673-1473740904-2106632329-1001\$i02j3km
c:\$recycle.bin\s-1-5-21-491527673-1473740904-2106632329-1001\$ivrznvc
c:\$recycle.bin\s-1-5-21-491527673-1473740904-2106632329-1001\$il8pvff
c:\$recycle.bin\s-1-5-21-491527673-1473740904-2106632329-1001\$i6ebz5c
c:\$recycle.bin\s-1-5-21-491527673-1473740904-2106632329-1001\$i8parjb
c:\$recycle.bin\s-1-5-21-491527673-1473740904-2106632329-1001\$ilwr0zj
c:\$recycle.bin\s-1-5-21-491527673-1473740904-2106632329-1001\$i68muh1
c:\$recycle.bin\s-1-5-21-491527673-1473740904-2106632329-1001\$ilyczy6
c:\$recycle.bin\s-1-5-21-491527673-1473740904-2106632329-1001\$iii6jr6
c:\$recycle.bin\s-1-5-21-491527673-1473740904-2106632329-1001\$i9dvvmg
c:\$recycle.bin\s-1-5-21-491527673-1473740904-2106632329-1001\$ihnoymp
c:\$recycle.bin\s-1-5-21-491527673-1473740904-2106632329-1001\$il0f7kg
c:\$recycle.bin\s-1-5-21-491527673-1473740904-2106632329-1001\$iptq8rp
c:\$recycle.bin\s-1-5-21-491527673-1473740904-2106632329-1001\$iuesrmf
c:\$recycle.bin\s-1-5-21-491527673-1473740904-2106632329-1001\$iednnhe
c:\$recycle.bin\s-1-5-21-491527673-1473740904-2106632329-1001\$i77nceo
c:\$recycle.bin\s-1-5-21-491527673-1473740904-2106632329-1001\$ikjw1pz
c:\$recycle.bin\s-1-5-21-491527673-1473740904-2106632329-1001\$ijlewpu
c:\$recycle.bin\s-1-5-21-491527673-1473740904-2106632329-1001\$iasbds4
c:\$recycle.bin\s-1-5-21-491527673-1473740904-2106632329-1001\$i2j8kib
c:\$recycle.bin\s-1-5-21-491527673-1473740904-2106632329-1001\$i5epny2
c:\$recycle.bin\s-1-5-21-491527673-1473740904-2106632329-1001\$ibmg2az
c:\$recycle.bin\s-1-5-21-491527673-1473740904-2106632329-1001\$idefgri
c:\$recycle.bin\s-1-5-21-491527673-1473740904-2106632329-1001\$i7no5ng
c:\$recycle.bin\s-1-5-21-491527673-1473740904-2106632329-1001\$ixj1jf4
c:\$recycle.bin\s-1-5-21-491527673-1473740904-2106632329-1001\$i4o5dpm
c:\$recycle.bin\s-1-5-21-491527673-1473740904-2106632329-1001\$iy93430
c:\$recycle.bin\s-1-5-21-491527673-1473740904-2106632329-1001\$ijqasek
c:\$recycle.bin\s-1-5-21-491527673-1473740904-2106632329-1001\$i4s4kxr
c:\$recycle.bin\s-1-5-21-491527673-1473740904-2106632329-1001\$iwbaez6
c:\$recycle.bin\s-1-5-21-491527673-1473740904-2106632329-1001\$iyux3l8
c:\$recycle.bin\s-1-5-21-491527673-1473740904-2106632329-1001\$i7cqujj
c:\$recycle.bin\s-1-5-21-491527673-1473740904-2106632329-1001\$ibeqi9z
c:\$recycle.bin\s-1-5-21-491527673-1473740904-2106632329-1001\$ihfpwy9
c:\$recycle.bin\s-1-5-21-491527673-1473740904-2106632329-1001\$iwqfoew
c:\$recycle.bin\s-1-5-21-491527673-1473740904-2106632329-1001\$i701grj
c:\$recycle.bin\s-1-5-21-491527673-1473740904-2106632329-1001\$i88e94k
c:\$recycle.bin\s-1-5-21-491527673-1473740904-2106632329-1001\$ihwcds6
c:\$recycle.bin\s-1-5-21-491527673-1473740904-2106632329-1001\$igv7uig
c:\$recycle.bin\s-1-5-21-491527673-1473740904-2106632329-1001\$iasq4dq
c:\$recycle.bin\s-1-5-21-491527673-1473740904-2106632329-1001\$ipi9a82
c:\$recycle.bin\s-1-5-21-491527673-1473740904-2106632329-1001\$ig6izm3
c:\$recycle.bin\s-1-5-21-491527673-1473740904-2106632329-1001\$i71big4
c:\$recycle.bin\s-1-5-21-491527673-1473740904-2106632329-1001\$ij9yuov
c:\$recycle.bin\s-1-5-21-491527673-1473740904-2106632329-1001\$i0hrtf5
c:\$recycle.bin\s-1-5-21-491527673-1473740904-2106632329-1001\$ib8u2ru
c:\$recycle.bin\s-1-5-21-491527673-1473740904-2106632329-1001\$imjr5o9
c:\$recycle.bin\s-1-5-21-491527673-1473740904-2106632329-1001\$igv6y24
c:\$recycle.bin\s-1-5-21-491527673-1473740904-2106632329-1001\$ipsmsjb
c:\$recycle.bin\s-1-5-21-491527673-1473740904-2106632329-1001\$ivwtfbe
c:\$recycle.bin\s-1-5-21-491527673-1473740904-2106632329-1001\$i7wp94h
c:\$recycle.bin\s-1-5-21-491527673-1473740904-2106632329-1001\$iphwp4k
c:\$recycle.bin\s-1-5-21-491527673-1473740904-2106632329-1001\$if4eqhl
c:\$recycle.bin\s-1-5-21-491527673-1473740904-2106632329-1001\$ib0y1pu
c:\$recycle.bin\s-1-5-21-491527673-1473740904-2106632329-1001\$ifgpayf
c:\$recycle.bin\s-1-5-21-491527673-1473740904-2106632329-1001\$iuwnlo5
c:\$recycle.bin\s-1-5-21-491527673-1473740904-2106632329-1001\$iqsc1jn
c:\$recycle.bin\s-1-5-21-491527673-1473740904-2106632329-1001\$i5x9020
c:\$recycle.bin\s-1-5-21-491527673-1473740904-2106632329-1001\$iicqwsl
c:\$recycle.bin\s-1-5-21-491527673-1473740904-2106632329-1001\$ich5b0r
c:\$recycle.bin\s-1-5-21-491527673-1473740904-2106632329-1001\$itneg9r
c:\$recycle.bin\s-1-5-21-491527673-1473740904-2106632329-1001\$i09buxy
c:\$recycle.bin\s-1-5-21-491527673-1473740904-2106632329-1001\$itlu0gl
c:\$recycle.bin\s-1-5-21-491527673-1473740904-2106632329-1001\$ir2zdmh
c:\$recycle.bin\s-1-5-21-491527673-1473740904-2106632329-1001\$ic2hdjc
c:\$recycle.bin\s-1-5-21-491527673-1473740904-2106632329-1001\$icumr43
c:\$recycle.bin\s-1-5-21-491527673-1473740904-2106632329-1001\$icz2cj4
c:\$recycle.bin\s-1-5-21-491527673-1473740904-2106632329-1001\$i6rp6fw
c:\$recycle.bin\s-1-5-21-491527673-1473740904-2106632329-1001\$i0i2ij5
c:\$recycle.bin\s-1-5-21-491527673-1473740904-2106632329-1001\$iokwrbi
c:\$recycle.bin\s-1-5-21-491527673-1473740904-2106632329-1001\$iqqssbt
c:\$recycle.bin\s-1-5-21-491527673-1473740904-2106632329-1001\$ihaajbl
c:\$recycle.bin\s-1-5-21-491527673-1473740904-2106632329-1001\$iimsiz2
c:\$recycle.bin\s-1-5-21-491527673-1473740904-2106632329-1001\$is1necn
c:\$recycle.bin\s-1-5-21-491527673-1473740904-2106632329-1001\$i1bm8hm
c:\$recycle.bin\s-1-5-21-491527673-1473740904-2106632329-1001\$ijxw6yp
c:\$recycle.bin\s-1-5-21-491527673-1473740904-2106632329-1001\$iqrxzoe
c:\$recycle.bin\s-1-5-21-491527673-1473740904-2106632329-1001\$ihgv9l6
c:\$recycle.bin\s-1-5-21-491527673-1473740904-2106632329-1001\$ienbrnk
c:\$recycle.bin\s-1-5-21-491527673-1473740904-2106632329-1001\$ib4c21c
c:\$recycle.bin\s-1-5-21-491527673-1473740904-2106632329-1001\$if1tzws
c:\$recycle.bin\s-1-5-21-491527673-1473740904-2106632329-1001\$ijovq56
c:\$recycle.bin\s-1-5-21-491527673-1473740904-2106632329-1001\$i3qcao4
c:\$recycle.bin\s-1-5-21-491527673-1473740904-2106632329-1001\$ivers4t
c:\$recycle.bin\s-1-5-21-491527673-1473740904-2106632329-1001\$i0hhazy
c:\$recycle.bin\s-1-5-21-491527673-1473740904-2106632329-1001\$icjrlt2
c:\$recycle.bin\s-1-5-21-491527673-1473740904-2106632329-1001\$i45nwpr
c:\$recycle.bin\s-1-5-21-491527673-1473740904-2106632329-1001\$ip0rul3
c:\$recycle.bin\s-1-5-21-491527673-1473740904-2106632329-1001\$ilwq0iy
c:\$recycle.bin\s-1-5-21-491527673-1473740904-2106632329-1001\$i6beyiz
c:\$recycle.bin\s-1-5-21-491527673-1473740904-2106632329-1001\$inm0477
c:\$recycle.bin\s-1-5-21-491527673-1473740904-2106632329-1001\$iyczbzy
c:\$recycle.bin\s-1-5-21-491527673-1473740904-2106632329-1001\$ilbw9xz
c:\$recycle.bin\s-1-5-21-491527673-1473740904-2106632329-1001\$imda9po
c:\$recycle.bin\s-1-5-21-491527673-1473740904-2106632329-1001\$iuio9yl
c:\$recycle.bin\s-1-5-21-491527673-1473740904-2106632329-1001\$itvoghk
c:\$recycle.bin\s-1-5-21-491527673-1473740904-2106632329-1001\$i52y3z7
c:\$recycle.bin\s-1-5-21-491527673-1473740904-2106632329-1001\$iw4jnq7
c:\$recycle.bin\s-1-5-21-491527673-1473740904-2106632329-1001\$iloptqy
c:\$recycle.bin\s-1-5-21-491527673-1473740904-2106632329-1001\$iv4cpl8
c:\$recycle.bin\s-1-5-21-491527673-1473740904-2106632329-1001\$iqdhfd5
c:\$recycle.bin\s-1-5-21-491527673-1473740904-2106632329-1001\$itcpdxz
c:\$recycle.bin\s-1-5-21-491527673-1473740904-2106632329-1001\$iuh1scr
c:\$recycle.bin\s-1-5-21-491527673-1473740904-2106632329-1001\$ii7lzum
c:\$recycle.bin\s-1-5-21-491527673-1473740904-2106632329-1001\$i6n7a8u
c:\$recycle.bin\s-1-5-21-491527673-1473740904-2106632329-1001\$iqgn8ge
c:\$recycle.bin\s-1-5-21-491527673-1473740904-2106632329-1001\$iupn48l
c:\$recycle.bin\s-1-5-21-491527673-1473740904-2106632329-1001\$ifglqbl
c:\$recycle.bin\s-1-5-21-491527673-1473740904-2106632329-1001\$itvyt0u
c:\$recycle.bin\s-1-5-21-491527673-1473740904-2106632329-1001\$i2in82p
c:\$recycle.bin\s-1-5-21-491527673-1473740904-2106632329-1001\$inmeopy
c:\$recycle.bin\s-1-5-21-491527673-1473740904-2106632329-1001\$iuyqx12
c:\$recycle.bin\s-1-5-21-491527673-1473740904-2106632329-1001\$ijveu48
c:\$recycle.bin\s-1-5-21-491527673-1473740904-2106632329-1001\$i61loq7
c:\$recycle.bin\s-1-5-21-491527673-1473740904-2106632329-1001\$ia9hk0j
c:\$recycle.bin\s-1-5-21-491527673-1473740904-2106632329-1001\$iudgmjy
c:\$recycle.bin\s-1-5-21-491527673-1473740904-2106632329-1001\$ih59xy7
c:\$recycle.bin\s-1-5-21-491527673-1473740904-2106632329-1001\$ickz8v2
c:\$recycle.bin\s-1-5-21-491527673-1473740904-2106632329-1001\$izcey47
c:\$recycle.bin\s-1-5-21-491527673-1473740904-2106632329-1001\$ihdw8mv
c:\$recycle.bin\s-1-5-21-491527673-1473740904-2106632329-1001\$ix9mgbv
c:\$recycle.bin\s-1-5-21-491527673-1473740904-2106632329-1001\$i0ieng4
c:\$recycle.bin\s-1-5-21-491527673-1473740904-2106632329-1001\$ixjdike
c:\$recycle.bin\s-1-5-21-491527673-1473740904-2106632329-1001\$ioc94x2
c:\$recycle.bin\s-1-5-21-491527673-1473740904-2106632329-1001\$iv4901o
c:\$recycle.bin\s-1-5-21-491527673-1473740904-2106632329-1001\$ikd1xd0
c:\$recycle.bin\s-1-5-21-491527673-1473740904-2106632329-1001\$itc0ctm
c:\$recycle.bin\s-1-5-21-491527673-1473740904-2106632329-1001\$ifd6vqt
c:\$recycle.bin\s-1-5-21-491527673-1473740904-2106632329-1001\$imuk8rt
c:\$recycle.bin\s-1-5-21-491527673-1473740904-2106632329-1001\$ie0wk4p
c:\$recycle.bin\s-1-5-21-491527673-1473740904-2106632329-1001\$in8191g
c:\$recycle.bin\s-1-5-21-491527673-1473740904-2106632329-1001\$i8optux
c:\$recycle.bin\s-1-5-21-491527673-1473740904-2106632329-1001\$iax1n4a
c:\$recycle.bin\s-1-5-21-491527673-1473740904-2106632329-1001\$izriw5x
c:\$recycle.bin\s-1-5-21-491527673-1473740904-2106632329-1001\$i9bxhif
c:\$recycle.bin\s-1-5-21-491527673-1473740904-2106632329-1001\$ixui3ib
c:\$recycle.bin\s-1-5-21-491527673-1473740904-2106632329-1001\$iy0qnpb
c:\$recycle.bin\s-1-5-21-491527673-1473740904-2106632329-1001\$iyimwbn
c:\$recycle.bin\s-1-5-21-491527673-1473740904-2106632329-1001\$i8l2ve9
c:\$recycle.bin\s-1-5-21-491527673-1473740904-2106632329-1001\$irubeiu
c:\$recycle.bin\s-1-5-21-491527673-1473740904-2106632329-1001\$i2a6sc9
c:\$recycle.bin\s-1-5-21-491527673-1473740904-2106632329-1001\$iz01q2n
c:\$recycle.bin\s-1-5-21-491527673-1473740904-2106632329-1001\$im9q0vq
c:\$recycle.bin\s-1-5-21-491527673-1473740904-2106632329-1001\$ii79y62
c:\$recycle.bin\s-1-5-21-491527673-1473740904-2106632329-1001\$i7mg120
c:\$recycle.bin\s-1-5-21-491527673-1473740904-2106632329-1001\$i428vdj
c:\$recycle.bin\s-1-5-21-491527673-1473740904-2106632329-1001\$i2ubloy
c:\$recycle.bin\s-1-5-21-491527673-1473740904-2106632329-1001\$igz17dc
c:\$recycle.bin\s-1-5-21-491527673-1473740904-2106632329-1001\$imsp20j
c:\$recycle.bin\s-1-5-21-491527673-1473740904-2106632329-1001\$ibkvoxb
c:\$recycle.bin\s-1-5-21-491527673-1473740904-2106632329-1001\$i3gs7hn
c:\$recycle.bin\s-1-5-21-491527673-1473740904-2106632329-1001\$i4o3sxc
d:\haxetoolkit\haxe\heapslib\hashlink\beap-sdl3\x64\release\libhl.dll
c:\$recycle.bin\s-1-5-21-491527673-1473740904-2106632329-1001\$iuwej3i.tmp
c:\$recycle.bin\s-1-5-21-491527673-1473740904-2106632329-1001\$i3j9ubr.tmp
c:\$recycle.bin\s-1-5-21-491527673-1473740904-2106632329-1001\$iwgd9pe.tmp
c:\$recycle.bin\s-1-5-21-491527673-1473740904-2106632329-1001\$iqlavs5.tmp
c:\$recycle.bin\s-1-5-21-491527673-1473740904-2106632329-1001\$iq9xtwd.tmp
c:\$recycle.bin\s-1-5-21-491527673-1473740904-2106632329-1001\$idljc84.tmp
c:\$recycle.bin\s-1-5-21-491527673-1473740904-2106632329-1001\$immdf67
c:\$recycle.bin\s-1-5-21-491527673-1473740904-2106632329-1001\$i55y1lf
d:\haxetoolkit\haxe\heapslib\hashlink\beap-sdl3\x64\release\libhl.pdb
d:\haxetoolkit\haxe\heapslib\hashlink\beap-sdl3\x64\release\libhl.lib
d:\haxetoolkit\haxe\heapslib\hashlink\beap-sdl3\x64\release\libhl.exp
d:\haxetoolkit\haxe\heapslib\hashlink\beap-sdl3\libhl\x64\release\libhl.ipdb
d:\haxetoolkit\haxe\heapslib\hashlink\beap-sdl3\libhl\x64\release\libhl.iobj
d:\haxetoolkit\haxe\heapslib\hashlink\beap-sdl3\libhl\x64\release\libhl.tlog\cl.command.1.tlog
d:\haxetoolkit\haxe\heapslib\hashlink\beap-sdl3\libhl\x64\release\libhl.tlog\cl.items.tlog
d:\haxetoolkit\haxe\heapslib\hashlink\beap-sdl3\libhl\x64\release\libhl.tlog\cl.read.1.tlog
d:\haxetoolkit\haxe\heapslib\hashlink\beap-sdl3\libhl\x64\release\libhl.tlog\cl.write.1.tlog
d:\haxetoolkit\haxe\heapslib\hashlink\beap-sdl3\libhl\x64\release\libhl.tlog\link.command.1.tlog
d:\haxetoolkit\haxe\heapslib\hashlink\beap-sdl3\libhl\x64\release\libhl.tlog\link.read.1.tlog
d:\haxetoolkit\haxe\heapslib\hashlink\beap-sdl3\libhl\x64\release\libhl.tlog\link.secondary.1.tlog
d:\haxetoolkit\haxe\heapslib\hashlink\beap-sdl3\libhl\x64\release\libhl.tlog\link.write.1.tlog
